unityLibrary/build/intermediates/manifest_merge_blame_file/release/manifest-merger-blame-release-report.txt
1<?xml version="1.0" encoding="utf-8"?>
2<manifest xmlns:android="http://schemas.android.com/apk/res/android"
3    xmlns:tools="http://schemas.android.com/tools"
4    package="com.unity3d.player"
5    android:versionCode="1"
6    android:versionName="0.1" >
7
8    <uses-sdk
9        android:minSdkVersion="22"
9-->src\main\AndroidManifest.xml
10        android:targetSdkVersion="30" />
10-->src\main\AndroidManifest.xml
11
12    <uses-feature android:glEsVersion="0x00030000" />
12-->src\main\AndroidManifest.xml:16:3-52
12-->src\main\AndroidManifest.xml:16:17-49
13    <uses-feature
13-->src\main\AndroidManifest.xml:17:3-91
14        android:name="android.hardware.vulkan.version"
14-->src\main\AndroidManifest.xml:17:17-63
15        android:required="false" />
15-->src\main\AndroidManifest.xml:17:64-88
16
17    <uses-permission android:name="android.permission.INTERNET" />
17-->src\main\AndroidManifest.xml:18:3-65
17-->src\main\AndroidManifest.xml:18:20-62
18    <uses-permission android:name="android.permission.ACCESS_NETWORK_STATE" />
18-->src\main\AndroidManifest.xml:19:3-77
18-->src\main\AndroidManifest.xml:19:20-74
19
20    <uses-feature
20-->src\main\AndroidManifest.xml:20:3-97
21        android:name="android.hardware.sensor.accelerometer"
21-->src\main\AndroidManifest.xml:20:17-69
22        android:required="false" />
22-->src\main\AndroidManifest.xml:20:70-94
23    <uses-feature
23-->src\main\AndroidManifest.xml:21:3-88
24        android:name="android.hardware.touchscreen"
24-->src\main\AndroidManifest.xml:21:17-60
25        android:required="false" />
25-->src\main\AndroidManifest.xml:21:61-85
26    <uses-feature
26-->src\main\AndroidManifest.xml:22:3-99
27        android:name="android.hardware.touchscreen.multitouch"
27-->src\main\AndroidManifest.xml:22:17-71
28        android:required="false" />
28-->src\main\AndroidManifest.xml:22:72-96
29    <uses-feature
29-->src\main\AndroidManifest.xml:23:3-108
30        android:name="android.hardware.touchscreen.multitouch.distinct"
30-->src\main\AndroidManifest.xml:23:17-80
31        android:required="false" />
31-->src\main\AndroidManifest.xml:23:81-105
32
33    <application android:extractNativeLibs="true" >
33-->src\main\AndroidManifest.xml:3:3-15:17
33-->src\main\AndroidManifest.xml:3:16-48
34        <activity
34-->src\main\AndroidManifest.xml:4:5-10:16
35            android:name="com.unity3d.player.UnityPlayerActivity"
35-->src\main\AndroidManifest.xml:4:15-68
36            android:configChanges="mcc|mnc|locale|touchscreen|keyboard|keyboardHidden|navigation|orientation|screenLayout|uiMode|screenSize|smallestScreenSize|fontScale|layoutDirection|density"
36-->src\main\AndroidManifest.xml:4:180-361
37            android:hardwareAccelerated="false"
37-->src\main\AndroidManifest.xml:4:397-432
38            android:launchMode="singleTask"
38-->src\main\AndroidManifest.xml:4:148-179
39            android:resizeableActivity="false"
39-->src\main\AndroidManifest.xml:4:362-396
40            android:screenOrientation="portrait"
40-->src\main\AndroidManifest.xml:4:111-147
41            android:theme="@style/UnityThemeSelector" >
41-->src\main\AndroidManifest.xml:4:69-110
42            <intent-filter>
42-->src\main\AndroidManifest.xml:5:7-8:23
43                <action android:name="android.intent.action.MAIN" />
43-->src\main\AndroidManifest.xml:6:9-61
43-->src\main\AndroidManifest.xml:6:17-58
44
45                <category android:name="android.intent.category.LAUNCHER" />
45-->src\main\AndroidManifest.xml:7:9-69
45-->src\main\AndroidManifest.xml:7:19-66
46            </intent-filter>
47
48            <meta-data
48-->src\main\AndroidManifest.xml:9:7-82
49                android:name="unityplayer.UnityActivity"
49-->src\main\AndroidManifest.xml:9:18-58
50                android:value="true" />
50-->src\main\AndroidManifest.xml:9:59-79
51        </activity>
52
53        <meta-data
53-->src\main\AndroidManifest.xml:11:5-69
54            android:name="unity.splash-mode"
54-->src\main\AndroidManifest.xml:11:16-48
55            android:value="0" />
55-->src\main\AndroidManifest.xml:11:49-66
56        <meta-data
56-->src\main\AndroidManifest.xml:12:5-74
57            android:name="unity.splash-enable"
57-->src\main\AndroidManifest.xml:12:16-50
58            android:value="True" />
58-->src\main\AndroidManifest.xml:12:51-71
59        <meta-data
59-->src\main\AndroidManifest.xml:13:5-79
60            android:name="unity.launch-fullscreen"
60-->src\main\AndroidManifest.xml:13:16-54
61            android:value="False" />
61-->src\main\AndroidManifest.xml:13:55-76
62        <meta-data
62-->src\main\AndroidManifest.xml:14:5-84
63            android:name="unity.allow-resizable-window"
63-->src\main\AndroidManifest.xml:14:16-59
64            android:value="False" />
64-->src\main\AndroidManifest.xml:14:60-81
65    </application>
66
67</manifest>